[debug  ] mysql config is :root:123456@tcp(localhost:3306)/confcenter
[debug  ] http run 127.0.0.1:8081
[debug  ] domain%!(EXTRA string=http://localhost:8080/root, string=body----------------body---, *bytes.Buffer={
	"route":"/root",
	"ip":"localhost",
	"port":"8080",
	"srv":"ser:xxx",
	"srvname": "ab"
})
[debug  ] method,host%!(EXTRA string=POST, string=http://localhost:8080/root, string=body---, []uint8=[123 34 105 100 34 58 48 44 34 114 111 117 116 101 34 58 34 47 114 111 111 116 34 44 34 105 112 34 58 34 108 111 99 97 108 104 111 115 116 34 44 34 112 111 114 116 34 58 34 56 48 56 48 34 44 34 115 114 118 34 58 34 115 101 114 58 120 120 120 34 44 34 115 114 118 110 97 109 101 34 58 34 97 98 34 125])
[debug  ] successfull about app method POST,host http://localhost:8080/root
[debug  ] domain%!(EXTRA string=http://localhost:8080/root, string=body----------------body---, *bytes.Buffer={
	"route":"/root",
	"ip":"localhost",
	"port":"8080",
	"srv":"ser:xxx",
	"srvname": "ab"
})
[debug  ] method,host%!(EXTRA string=POST, string=http://localhost:8080/root, string=body---, []uint8=[123 34 105 100 34 58 48 44 34 114 111 117 116 101 34 58 34 47 114 111 111 116 34 44 34 105 112 34 58 34 108 111 99 97 108 104 111 115 116 34 44 34 112 111 114 116 34 58 34 56 48 56 48 34 44 34 115 114 118 34 58 34 115 101 114 58 120 120 120 34 44 34 115 114 118 110 97 109 101 34 58 34 97 98 34 125])
[debug  ] successfull about app method POST,host http://localhost:8080/root
